<!DOCTYPE html>

<html>
  <head>
  <meta charset='utf-8'>
  <title>TestNG reports</title>

    <link type="text/css" href="testng-reports.css" rel="stylesheet" />
    <script type="text/javascript" src="jquery-1.7.1.min.js"></script>
    <script type="text/javascript" src="testng-reports.js"></script>
    <script type="text/javascript" src="https://www.google.com/jsapi"></script>
    <script type='text/javascript'>
      google.load('visualization', '1', {packages:['table']});
      google.setOnLoadCallback(drawTable);
      var suiteTableInitFunctions = new Array();
      var suiteTableData = new Array();
    </script>
    <!--
      <script type="text/javascript" src="jquery-ui/js/jquery-ui-1.8.16.custom.min.js"></script>
     -->
  </head>

  <body>
    <div class="top-banner-root">
      <span class="top-banner-title-font">Test results</span>
      <br/>
      <span class="top-banner-font-1">1 suite, 3 failed tests</span>
    </div> <!-- top-banner-root -->
    <div class="navigator-root">
      <div class="navigator-suite-header">
        <span>All suites</span>
        <a href="#" class="collapse-all-link" title="Collapse/expand all the suites">
          <img class="collapse-all-icon" src="collapseall.gif">
          </img> <!-- collapse-all-icon -->
        </a> <!-- collapse-all-link -->
      </div> <!-- navigator-suite-header -->
      <div class="suite">
        <div class="rounded-window">
          <div class="suite-header light-rounded-window-top">
            <a href="#" class="navigator-link" panel-name="suite-Suite">
              <span class="suite-name border-failed">Suite</span>
            </a> <!-- navigator-link -->
          </div> <!-- suite-header light-rounded-window-top -->
          <div class="navigator-suite-content">
            <div class="suite-section-title">
              <span>Info</span>
            </div> <!-- suite-section-title -->
            <div class="suite-section-content">
              <ul>
                <li>
                  <a href="#" class="navigator-link " panel-name="test-xml-Suite">
                    <span>C:\Users\trang\Documents\NgaNgokNgek\GGLive_Appium\testng.xml</span>
                  </a> <!-- navigator-link  -->
                </li>
                <li>
                  <a href="#" class="navigator-link " panel-name="testlist-Suite">
                    <span class="test-stats">1 test</span>
                  </a> <!-- navigator-link  -->
                </li>
                <li>
                  <a href="#" class="navigator-link " panel-name="group-Suite">
                    <span>0 groups</span>
                  </a> <!-- navigator-link  -->
                </li>
                <li>
                  <a href="#" class="navigator-link " panel-name="times-Suite">
                    <span>Times</span>
                  </a> <!-- navigator-link  -->
                </li>
                <li>
                  <a href="#" class="navigator-link " panel-name="reporter-Suite">
                    <span>Reporter output</span>
                  </a> <!-- navigator-link  -->
                </li>
                <li>
                  <a href="#" class="navigator-link " panel-name="ignored-methods-Suite">
                    <span>Ignored methods</span>
                  </a> <!-- navigator-link  -->
                </li>
                <li>
                  <a href="#" class="navigator-link " panel-name="chronological-Suite">
                    <span>Chronological view</span>
                  </a> <!-- navigator-link  -->
                </li>
              </ul>
            </div> <!-- suite-section-content -->
            <div class="result-section">
              <div class="suite-section-title">
                <span>Results</span>
              </div> <!-- suite-section-title -->
              <div class="suite-section-content">
                <ul>
                  <li>
                    <span class="method-stats">4 methods, 3 failed,   1 passed</span>
                  </li>
                  <li>
                    <span class="method-list-title failed">Failed methods</span>
                    <span class="show-or-hide-methods failed">
                      <a href="#" panel-name="suite-Suite" class="hide-methods failed suite-Suite"> (hide)</a> <!-- hide-methods failed suite-Suite -->
                      <a href="#" panel-name="suite-Suite" class="show-methods failed suite-Suite"> (show)</a> <!-- show-methods failed suite-Suite -->
                    </span>
                    <div class="method-list-content failed suite-Suite">
                      <span>
                        <img width="3%" src="failed.png"/>
                        <a href="#" class="method navigator-link" panel-name="suite-Suite" title="usingFramework.eComerceTest" hash-for-method="AddToCartRedirectCartForm">AddToCartRedirectCartForm</a> <!-- method navigator-link -->
                      </span>
                      <br/>
                      <span>
                        <img width="3%" src="failed.png"/>
                        <a href="#" class="method navigator-link" panel-name="suite-Suite" title="usingFramework.eComerceTest" hash-for-method="CartFormAndVerifyTotalAmount">CartFormAndVerifyTotalAmount</a> <!-- method navigator-link -->
                      </span>
                      <br/>
                      <span>
                        <img width="3%" src="failed.png"/>
                        <a href="#" class="method navigator-link" panel-name="suite-Suite" title="usingFramework.eComerceTest" hash-for-method="FillFormTest">FillFormTest</a> <!-- method navigator-link -->
                      </span>
                      <br/>
                    </div> <!-- method-list-content failed suite-Suite -->
                  </li>
                  <li>
                    <span class="method-list-title passed">Passed methods</span>
                    <span class="show-or-hide-methods passed">
                      <a href="#" panel-name="suite-Suite" class="hide-methods passed suite-Suite"> (hide)</a> <!-- hide-methods passed suite-Suite -->
                      <a href="#" panel-name="suite-Suite" class="show-methods passed suite-Suite"> (show)</a> <!-- show-methods passed suite-Suite -->
                    </span>
                    <div class="method-list-content passed suite-Suite">
                      <span>
                        <img width="3%" src="passed.png"/>
                        <a href="#" class="method navigator-link" panel-name="suite-Suite" title="usingFramework.eComerceTest" hash-for-method="AddProductsInCart_VerifyTotalPriceTest">AddProductsInCart_VerifyTotalPriceTest</a> <!-- method navigator-link -->
                      </span>
                      <br/>
                    </div> <!-- method-list-content passed suite-Suite -->
                  </li>
                </ul>
              </div> <!-- suite-section-content -->
            </div> <!-- result-section -->
          </div> <!-- navigator-suite-content -->
        </div> <!-- rounded-window -->
      </div> <!-- suite -->
    </div> <!-- navigator-root -->
    <div class="wrapper">
      <div class="main-panel-root">
        <div panel-name="suite-Suite" class="panel Suite">
          <div class="suite-Suite-class-failed">
            <div class="main-panel-header rounded-window-top">
              <img src="failed.png"/>
              <span class="class-name">usingFramework.eComerceTest</span>
            </div> <!-- main-panel-header rounded-window-top -->
            <div class="main-panel-content rounded-window-bottom">
              <div class="method">
                <div class="method-content">
                  <a name="AddToCartRedirectCartForm">
                  </a> <!-- AddToCartRedirectCartForm -->
                  <span class="method-name">AddToCartRedirectCartForm</span>
                  <div class="stack-trace">org.openqa.selenium.NoSuchElementException: Can&apos;t locate an element by
                      this strategy: By.chained({AppiumBy.id: com.androidsample.generalstore:id/nameField})
                      at
                      io.appium.java_client.pagefactory.AppiumElementLocator.findElement(AppiumElementLocator.java:125)
                      at
                      io.appium.java_client.pagefactory.interceptors.InterceptorOfASingleElement.call(InterceptorOfASingleElement.java:54)
                      at io.appium.java_client.proxy.Interceptor.intercept(Interceptor.java:75)
                      at org.openqa.selenium.remote.RemoteWebElement$ByteBuddy$EDOlQcWn.sendKeys(Unknown Source)
                      at GeneralStore_PageObject.android.FormPage.sendkeyNameField(FormPage.java:48)
                      at usingFramework.eComerceTest.AddToCartRedirectCartForm(eComerceTest.java:29)
                      at com.intellij.rt.testng.IDEARemoteTestNG.run(IDEARemoteTestNG.java:66)
                      at com.intellij.rt.testng.RemoteTestNGStarter.main(RemoteTestNGStarter.java:109)
                      Caused by: org.openqa.selenium.TimeoutException: Expected condition failed: waiting for
                      io.appium.java_client.pagefactory.AppiumElementLocator$WaitingFunction@2abc224d (tried for 1
                      second(s) with 500 milliseconds interval)
                      at org.openqa.selenium.support.ui.FluentWait.timeoutException(FluentWait.java:262)
                      at org.openqa.selenium.support.ui.FluentWait.until(FluentWait.java:230)
                      at io.appium.java_client.pagefactory.AppiumElementLocator.waitFor(AppiumElementLocator.java:98)
                      at
                      io.appium.java_client.pagefactory.AppiumElementLocator.findElement(AppiumElementLocator.java:118)
                      ... 29 more
                      Caused by: org.openqa.selenium.NoSuchElementException: Cannot locate an element using
                      By.chained({AppiumBy.id: com.androidsample.generalstore:id/nameField})
                      For documentation on this error, please visit:
                      https://www.selenium.dev/documentation/webdriver/troubleshooting/errors#no-such-element-exception
                      Build info: version: &apos;4.10.0&apos;, revision: &apos;c14d967899&apos;
                      System info: os.name: &apos;Windows 10&apos;, os.arch: &apos;amd64&apos;, os.version: &apos;10.0&apos;,
                      java.version: &apos;1.8.0_181&apos;
                      Driver info: driver.version: RemoteWebDriver
                      at io.appium.java_client.pagefactory.bys.builder.ByChained.findElement(ByChained.java:77)
                      at
                      org.openqa.selenium.remote.ElementLocation$ElementFinder$1.findElement(ElementLocation.java:139)
                      at org.openqa.selenium.remote.ElementLocation.findElement(ElementLocation.java:59)
                      at org.openqa.selenium.remote.RemoteWebDriver.findElement(RemoteWebDriver.java:350)
                      at org.openqa.selenium.remote.RemoteWebDriver.findElement(RemoteWebDriver.java:344)
                      at io.appium.java_client.pagefactory.bys.ContentMappedBy.findElement(ContentMappedBy.java:50)
                      at
                      org.openqa.selenium.remote.ElementLocation$ElementFinder$1.findElement(ElementLocation.java:139)
                      at org.openqa.selenium.remote.ElementLocation.findElement(ElementLocation.java:59)
                      at org.openqa.selenium.remote.RemoteWebDriver.findElement(RemoteWebDriver.java:350)
                      at org.openqa.selenium.remote.RemoteWebDriver.findElement(RemoteWebDriver.java:344)
                      at
                      io.appium.java_client.pagefactory.AppiumElementLocator.lambda$findElement$0(AppiumElementLocator.java:119)
                      at
                      io.appium.java_client.pagefactory.AppiumElementLocator$WaitingFunction.apply(AppiumElementLocator.java:171)
                      at
                      io.appium.java_client.pagefactory.AppiumElementLocator$WaitingFunction.apply(AppiumElementLocator.java:164)
                      at org.openqa.selenium.support.ui.FluentWait.until(FluentWait.java:205)
                      ... 31 more
                      ... Removed 22 stack frames
                  </div> <!-- stack-trace -->
                </div> <!-- method-content -->
              </div> <!-- method -->
              <div class="method">
                <div class="method-content">
                  <a name="CartFormAndVerifyTotalAmount">
                  </a> <!-- CartFormAndVerifyTotalAmount -->
                  <span class="method-name">CartFormAndVerifyTotalAmount</span>
                  <div class="stack-trace">org.openqa.selenium.NoSuchElementException: Can&apos;t locate an element by
                      this strategy: By.chained({AppiumBy.id: com.androidsample.generalstore:id/nameField})
                      at
                      io.appium.java_client.pagefactory.AppiumElementLocator.findElement(AppiumElementLocator.java:125)
                      at
                      io.appium.java_client.pagefactory.interceptors.InterceptorOfASingleElement.call(InterceptorOfASingleElement.java:54)
                      at io.appium.java_client.proxy.Interceptor.intercept(Interceptor.java:75)
                      at org.openqa.selenium.remote.RemoteWebElement$ByteBuddy$INTe0D95.sendKeys(Unknown Source)
                      at GeneralStore_PageObject.android.FormPage.sendkeyNameField(FormPage.java:48)
                      at usingFramework.eComerceTest.CartFormAndVerifyTotalAmount(eComerceTest.java:43)
                      at com.intellij.rt.testng.IDEARemoteTestNG.run(IDEARemoteTestNG.java:66)
                      at com.intellij.rt.testng.RemoteTestNGStarter.main(RemoteTestNGStarter.java:109)
                      Caused by: org.openqa.selenium.TimeoutException: Expected condition failed: waiting for
                      io.appium.java_client.pagefactory.AppiumElementLocator$WaitingFunction@6d4c273c (tried for 1
                      second(s) with 500 milliseconds interval)
                      at org.openqa.selenium.support.ui.FluentWait.timeoutException(FluentWait.java:262)
                      at org.openqa.selenium.support.ui.FluentWait.until(FluentWait.java:230)
                      at io.appium.java_client.pagefactory.AppiumElementLocator.waitFor(AppiumElementLocator.java:98)
                      at
                      io.appium.java_client.pagefactory.AppiumElementLocator.findElement(AppiumElementLocator.java:118)
                      ... 29 more
                      Caused by: org.openqa.selenium.NoSuchElementException: Cannot locate an element using
                      By.chained({AppiumBy.id: com.androidsample.generalstore:id/nameField})
                      For documentation on this error, please visit:
                      https://www.selenium.dev/documentation/webdriver/troubleshooting/errors#no-such-element-exception
                      Build info: version: &apos;4.10.0&apos;, revision: &apos;c14d967899&apos;
                      System info: os.name: &apos;Windows 10&apos;, os.arch: &apos;amd64&apos;, os.version: &apos;10.0&apos;,
                      java.version: &apos;1.8.0_181&apos;
                      Driver info: driver.version: RemoteWebDriver
                      at io.appium.java_client.pagefactory.bys.builder.ByChained.findElement(ByChained.java:77)
                      at
                      org.openqa.selenium.remote.ElementLocation$ElementFinder$1.findElement(ElementLocation.java:139)
                      at org.openqa.selenium.remote.ElementLocation.findElement(ElementLocation.java:59)
                      at org.openqa.selenium.remote.RemoteWebDriver.findElement(RemoteWebDriver.java:350)
                      at org.openqa.selenium.remote.RemoteWebDriver.findElement(RemoteWebDriver.java:344)
                      at io.appium.java_client.pagefactory.bys.ContentMappedBy.findElement(ContentMappedBy.java:50)
                      at
                      org.openqa.selenium.remote.ElementLocation$ElementFinder$1.findElement(ElementLocation.java:139)
                      at org.openqa.selenium.remote.ElementLocation.findElement(ElementLocation.java:59)
                      at org.openqa.selenium.remote.RemoteWebDriver.findElement(RemoteWebDriver.java:350)
                      at org.openqa.selenium.remote.RemoteWebDriver.findElement(RemoteWebDriver.java:344)
                      at
                      io.appium.java_client.pagefactory.AppiumElementLocator.lambda$findElement$0(AppiumElementLocator.java:119)
                      at
                      io.appium.java_client.pagefactory.AppiumElementLocator$WaitingFunction.apply(AppiumElementLocator.java:171)
                      at
                      io.appium.java_client.pagefactory.AppiumElementLocator$WaitingFunction.apply(AppiumElementLocator.java:164)
                      at org.openqa.selenium.support.ui.FluentWait.until(FluentWait.java:205)
                      ... 31 more
                      ... Removed 22 stack frames
                  </div> <!-- stack-trace -->
                </div> <!-- method-content -->
              </div> <!-- method -->
              <div class="method">
                <div class="method-content">
                  <a name="FillFormTest">
                  </a> <!-- FillFormTest -->
                  <span class="method-name">FillFormTest</span>
                  <div class="stack-trace">org.openqa.selenium.NoSuchElementException: Can&apos;t locate an element by
                      this strategy: By.chained({AppiumBy.id: com.androidsample.generalstore:id/nameField})
                      at
                      io.appium.java_client.pagefactory.AppiumElementLocator.findElement(AppiumElementLocator.java:125)
                      at
                      io.appium.java_client.pagefactory.interceptors.InterceptorOfASingleElement.call(InterceptorOfASingleElement.java:54)
                      at io.appium.java_client.proxy.Interceptor.intercept(Interceptor.java:75)
                      at org.openqa.selenium.remote.RemoteWebElement$ByteBuddy$bwHvf6qz.sendKeys(Unknown Source)
                      at GeneralStore_PageObject.android.FormPage.sendkeyNameField(FormPage.java:48)
                      at usingFramework.eComerceTest.FillFormTest(eComerceTest.java:19)
                      at com.intellij.rt.testng.IDEARemoteTestNG.run(IDEARemoteTestNG.java:66)
                      at com.intellij.rt.testng.RemoteTestNGStarter.main(RemoteTestNGStarter.java:109)
                      Caused by: org.openqa.selenium.TimeoutException: Expected condition failed: waiting for
                      io.appium.java_client.pagefactory.AppiumElementLocator$WaitingFunction@409986fe (tried for 1
                      second(s) with 500 milliseconds interval)
                      at org.openqa.selenium.support.ui.FluentWait.timeoutException(FluentWait.java:262)
                      at org.openqa.selenium.support.ui.FluentWait.until(FluentWait.java:230)
                      at io.appium.java_client.pagefactory.AppiumElementLocator.waitFor(AppiumElementLocator.java:98)
                      at
                      io.appium.java_client.pagefactory.AppiumElementLocator.findElement(AppiumElementLocator.java:118)
                      ... 29 more
                      Caused by: org.openqa.selenium.NoSuchElementException: Cannot locate an element using
                      By.chained({AppiumBy.id: com.androidsample.generalstore:id/nameField})
                      For documentation on this error, please visit:
                      https://www.selenium.dev/documentation/webdriver/troubleshooting/errors#no-such-element-exception
                      Build info: version: &apos;4.10.0&apos;, revision: &apos;c14d967899&apos;
                      System info: os.name: &apos;Windows 10&apos;, os.arch: &apos;amd64&apos;, os.version: &apos;10.0&apos;,
                      java.version: &apos;1.8.0_181&apos;
                      Driver info: driver.version: RemoteWebDriver
                      at io.appium.java_client.pagefactory.bys.builder.ByChained.findElement(ByChained.java:77)
                      at
                      org.openqa.selenium.remote.ElementLocation$ElementFinder$1.findElement(ElementLocation.java:139)
                      at org.openqa.selenium.remote.ElementLocation.findElement(ElementLocation.java:59)
                      at org.openqa.selenium.remote.RemoteWebDriver.findElement(RemoteWebDriver.java:350)
                      at org.openqa.selenium.remote.RemoteWebDriver.findElement(RemoteWebDriver.java:344)
                      at io.appium.java_client.pagefactory.bys.ContentMappedBy.findElement(ContentMappedBy.java:50)
                      at
                      org.openqa.selenium.remote.ElementLocation$ElementFinder$1.findElement(ElementLocation.java:139)
                      at org.openqa.selenium.remote.ElementLocation.findElement(ElementLocation.java:59)
                      at org.openqa.selenium.remote.RemoteWebDriver.findElement(RemoteWebDriver.java:350)
                      at org.openqa.selenium.remote.RemoteWebDriver.findElement(RemoteWebDriver.java:344)
                      at
                      io.appium.java_client.pagefactory.AppiumElementLocator.lambda$findElement$0(AppiumElementLocator.java:119)
                      at
                      io.appium.java_client.pagefactory.AppiumElementLocator$WaitingFunction.apply(AppiumElementLocator.java:171)
                      at
                      io.appium.java_client.pagefactory.AppiumElementLocator$WaitingFunction.apply(AppiumElementLocator.java:164)
                      at org.openqa.selenium.support.ui.FluentWait.until(FluentWait.java:205)
                      ... 31 more
                      ... Removed 22 stack frames
                  </div> <!-- stack-trace -->
                </div> <!-- method-content -->
              </div> <!-- method -->
            </div> <!-- main-panel-content rounded-window-bottom -->
          </div> <!-- suite-Suite-class-failed -->
          <div class="suite-Suite-class-passed">
            <div class="main-panel-header rounded-window-top">
              <img src="passed.png"/>
              <span class="class-name">usingFramework.eComerceTest</span>
            </div> <!-- main-panel-header rounded-window-top -->
            <div class="main-panel-content rounded-window-bottom">
              <div class="method">
                <div class="method-content">
                  <a name="AddProductsInCart_VerifyTotalPriceTest">
                  </a> <!-- AddProductsInCart_VerifyTotalPriceTest -->
                  <span class="method-name">AddProductsInCart_VerifyTotalPriceTest</span>
                </div> <!-- method-content -->
              </div> <!-- method -->
            </div> <!-- main-panel-content rounded-window-bottom -->
          </div> <!-- suite-Suite-class-passed -->
        </div> <!-- panel Suite -->
        <div panel-name="test-xml-Suite" class="panel">
          <div class="main-panel-header rounded-window-top">
            <span class="header-content">C:\Users\trang\Documents\NgaNgokNgek\GGLive_Appium\testng.xml</span>
          </div> <!-- main-panel-header rounded-window-top -->
          <div class="main-panel-content rounded-window-bottom">
            <pre>
&lt;?xml version=&quot;1.0&quot; encoding=&quot;UTF-8&quot;?&gt;
&lt;!DOCTYPE suite SYSTEM &quot;http://testng.org/testng-1.0.dtd&quot;&gt;
&lt;suite guice-stage=&quot;DEVELOPMENT&quot; name=&quot;Suite&quot;&gt;
  &lt;test thread-count=&quot;5&quot; name=&quot;FormPageTest&quot;&gt;
    &lt;classes&gt;
      &lt;class name=&quot;usingFramework.eComerceTest&quot;/&gt;
    &lt;/classes&gt;
  &lt;/test&gt; &lt;!-- FormPageTest --&gt;
&lt;/suite&gt; &lt;!-- Suite --&gt;
            </pre>
          </div> <!-- main-panel-content rounded-window-bottom -->
        </div> <!-- panel -->
        <div panel-name="testlist-Suite" class="panel">
          <div class="main-panel-header rounded-window-top">
            <span class="header-content">Tests for Suite</span>
          </div> <!-- main-panel-header rounded-window-top -->
          <div class="main-panel-content rounded-window-bottom">
            <ul>
              <li>
                <span class="test-name">FormPageTest (1 class)</span>
              </li>
            </ul>
          </div> <!-- main-panel-content rounded-window-bottom -->
        </div> <!-- panel -->
        <div panel-name="group-Suite" class="panel">
          <div class="main-panel-header rounded-window-top">
            <span class="header-content">Groups for Suite</span>
          </div> <!-- main-panel-header rounded-window-top -->
          <div class="main-panel-content rounded-window-bottom">
          </div> <!-- main-panel-content rounded-window-bottom -->
        </div> <!-- panel -->
        <div panel-name="times-Suite" class="panel">
          <div class="main-panel-header rounded-window-top">
            <span class="header-content">Times for Suite</span>
          </div> <!-- main-panel-header rounded-window-top -->
          <div class="main-panel-content rounded-window-bottom">
            <div class="times-div">
              <script type="text/javascript">
suiteTableInitFunctions.push('tableData_Suite');
function tableData_Suite() {
var data = new google.visualization.DataTable();
data.addColumn('number', 'Number');
data.addColumn('string', 'Method');
data.addColumn('string', 'Class');
data.addColumn('number', 'Time (ms)');
data.addRows(4);
data.setCell(0, 0, 0)
data.setCell(0, 1, 'AddProductsInCart_VerifyTotalPriceTest')
data.setCell(0, 2, 'usingFramework.eComerceTest')
data.setCell(0, 3, 23261);
data.setCell(1, 0, 1)
data.setCell(1, 1, 'AddToCartRedirectCartForm')
data.setCell(1, 2, 'usingFramework.eComerceTest')
data.setCell(1, 3, 10337);
data.setCell(2, 0, 2)
data.setCell(2, 1, 'CartFormAndVerifyTotalAmount')
data.setCell(2, 2, 'usingFramework.eComerceTest')
data.setCell(2, 3, 9791);
data.setCell(3, 0, 3)
data.setCell(3, 1, 'FillFormTest')
data.setCell(3, 2, 'usingFramework.eComerceTest')
data.setCell(3, 3, 9741);
window.suiteTableData['Suite']= { tableData: data, tableDiv: 'times-div-Suite'}
return data;
}
              </script>
              <span class="suite-total-time">Total running time: 53 seconds</span>
              <div id="times-div-Suite">
              </div> <!-- times-div-Suite -->
            </div> <!-- times-div -->
          </div> <!-- main-panel-content rounded-window-bottom -->
        </div> <!-- panel -->
        <div panel-name="reporter-Suite" class="panel">
          <div class="main-panel-header rounded-window-top">
            <span class="header-content">Reporter output for Suite</span>
          </div> <!-- main-panel-header rounded-window-top -->
          <div class="main-panel-content rounded-window-bottom">
          </div> <!-- main-panel-content rounded-window-bottom -->
        </div> <!-- panel -->
        <div panel-name="ignored-methods-Suite" class="panel">
          <div class="main-panel-header rounded-window-top">
            <span class="header-content">0 ignored methods</span>
          </div> <!-- main-panel-header rounded-window-top -->
          <div class="main-panel-content rounded-window-bottom">
          </div> <!-- main-panel-content rounded-window-bottom -->
        </div> <!-- panel -->
        <div panel-name="chronological-Suite" class="panel">
          <div class="main-panel-header rounded-window-top">
            <span class="header-content">Methods in chronological order</span>
          </div> <!-- main-panel-header rounded-window-top -->
          <div class="main-panel-content rounded-window-bottom">
            <div class="chronological-class">
              <div class="chronological-class-name">usingFramework.eComerceTest</div> <!-- chronological-class-name -->
              <div class="configuration-class before">
                <span class="method-name">configAppium</span>
                <span class="method-start">0 ms</span>
              </div> <!-- configuration-class before -->
              <div class="configuration-method before">
                <span class="method-name">watingHandleElement</span>
                <span class="method-start">24370 ms</span>
              </div> <!-- configuration-method before -->
              <div class="test-method">
                <span class="method-name">AddProductsInCart_VerifyTotalPriceTest</span>
                <span class="method-start">24387 ms</span>
              </div> <!-- test-method -->
              <div class="configuration-method before">
                <span class="method-name">watingHandleElement</span>
                <span class="method-start">47649 ms</span>
              </div> <!-- configuration-method before -->
              <div class="test-method">
                <img src="failed.png">
                </img>
                <span class="method-name">AddToCartRedirectCartForm</span>
                <span class="method-start">47650 ms</span>
              </div> <!-- test-method -->
              <div class="configuration-method before">
                <span class="method-name">watingHandleElement</span>
                <span class="method-start">57992 ms</span>
              </div> <!-- configuration-method before -->
              <div class="test-method">
                <img src="failed.png">
                </img>
                <span class="method-name">CartFormAndVerifyTotalAmount</span>
                <span class="method-start">57993 ms</span>
              </div> <!-- test-method -->
              <div class="configuration-method before">
                <span class="method-name">watingHandleElement</span>
                <span class="method-start">67785 ms</span>
              </div> <!-- configuration-method before -->
              <div class="test-method">
                <img src="failed.png">
                </img>
                <span class="method-name">FillFormTest</span>
                <span class="method-start">67785 ms</span>
              </div> <!-- test-method -->
          </div> <!-- main-panel-content rounded-window-bottom -->
        </div> <!-- panel -->
      </div> <!-- main-panel-root -->
    </div> <!-- wrapper -->
  </body>
</html>
